<?xml version="1.0" encoding="UTF-8"?>
<!-- Generated by org.testng.reporters.JUnitReportReporter -->
<testsuite hostname="Shibi" failures="0" tests="1" name="testng.facebookpgm" time="7.143" errors="0" timestamp="2024-09-06T12:25:05 PDT" skipped="0">
  <testcase classname="testng.facebookpgm" name="test" time="7.143"/>
  <system-out/>
</testsuite> <!-- testng.facebookpgm -->
