<?xml version="1.0" encoding="UTF-8"?>
<!-- Generated by org.testng.reporters.JUnitReportReporter -->
<testsuite hostname="Shibi" failures="0" tests="1" name="testng.parameter" time="0.057" errors="0" timestamp="2024-09-06T11:46:07 PDT" skipped="0">
  <testcase classname="testng.parameter" name="test1" time="0.057"/>
  <system-out/>
</testsuite> <!-- testng.parameter -->
