<?xml version="1.0" encoding="UTF-8"?>
<!-- Generated by org.testng.reporters.JUnitReportReporter -->
<testsuite hostname="Shibi" failures="0" tests="1" name="testng.windowhandling" time="3.180" errors="0" timestamp="2024-09-24T11:48:55 PDT" skipped="0">
  <testcase classname="testng.windowhandling" name="test" time="3.180"/>
  <system-out/>
</testsuite> <!-- testng.windowhandling -->
