<?xml version="1.0" encoding="UTF-8"?>
<!-- Generated by org.testng.reporters.JUnitReportReporter -->
<testsuite hostname="Shibi" failures="0" tests="1" name="testng.fblogintest" time="3.676" errors="0" timestamp="2024-09-11T11:32:10 PDT" skipped="0">
  <testcase classname="testng.fblogintest" name="fblogin" time="3.676"/>
  <system-out/>
</testsuite> <!-- testng.fblogintest -->
