<?xml version="1.0" encoding="UTF-8"?>
<!-- Generated by org.testng.reporters.JUnitReportReporter -->
<testsuite hostname="Shibi" failures="0" tests="1" name="testng.rediffpgm" time="0.213" errors="0" timestamp="2024-09-06T14:23:06 PDT" skipped="0">
  <testcase classname="testng.rediffpgm" name="logodisplay" time="0.213"/>
  <system-out/>
</testsuite> <!-- testng.rediffpgm -->
