<?xml version="1.0" encoding="UTF-8"?>
<!-- Generated by org.testng.reporters.JUnitReportReporter -->
<testsuite hostname="Shibi" failures="0" tests="1" name="testpkg.Fblogintest" time="1.188" errors="0" timestamp="2024-09-25T11:46:15 PDT" skipped="0">
  <testcase classname="testpkg.Fblogintest" name="test1" time="1.188"/>
  <system-out/>
</testsuite> <!-- testpkg.Fblogintest -->
